0 info it worked if it ends with ok
1 verbose cli [ '/usr/local/Cellar/node/0.10.4/bin/node',
1 verbose cli   '/usr/local/bin/npm',
1 verbose cli   'install',
1 verbose cli   '-g',
1 verbose cli   'karma' ]
2 info using npm@1.2.18
3 info using node@v0.10.4
4 verbose read json /usr/local/share/npm/lib/package.json
5 verbose read json /usr/local/share/npm/lib/package.json
6 verbose cache add [ 'karma', null ]
7 verbose cache add name=undefined spec="karma" args=["karma",null]
8 verbose parsed url { protocol: null,
8 verbose parsed url   slashes: null,
8 verbose parsed url   auth: null,
8 verbose parsed url   host: null,
8 verbose parsed url   port: null,
8 verbose parsed url   hostname: null,
8 verbose parsed url   hash: null,
8 verbose parsed url   search: null,
8 verbose parsed url   query: null,
8 verbose parsed url   pathname: 'karma',
8 verbose parsed url   path: 'karma',
8 verbose parsed url   href: 'karma' }
9 silly lockFile 512423cb-karma karma
10 verbose lock karma /Users/nrobin01/.npm/512423cb-karma.lock
11 silly lockFile 512423cb-karma karma
12 verbose addNamed [ 'karma', '' ]
13 verbose addNamed [ null, '' ]
14 silly lockFile cd7961bb-karma karma@
15 verbose lock karma@ /Users/nrobin01/.npm/cd7961bb-karma.lock
16 silly lockFile cd7961bb-karma karma@
17 error Error: EACCES, open '/Users/nrobin01/.npm/cd7961bb-karma.lock'
17 error  { [Error: EACCES, open '/Users/nrobin01/.npm/cd7961bb-karma.lock']
17 error   errno: 3,
17 error   code: 'EACCES',
17 error   path: '/Users/nrobin01/.npm/cd7961bb-karma.lock' }
18 error Please try running this command again as root/Administrator.
19 error System Darwin 11.4.2
20 error command "/usr/local/Cellar/node/0.10.4/bin/node" "/usr/local/bin/npm" "install" "-g" "karma"
21 error cwd /Users/nrobin01/Dropbox/Dev/Projects/IDIDWAT/config
22 error node -v v0.10.4
23 error npm -v 1.2.18
24 error path /Users/nrobin01/.npm/cd7961bb-karma.lock
25 error code EACCES
26 error errno 3
27 error stack Error: EACCES, open '/Users/nrobin01/.npm/cd7961bb-karma.lock'
28 verbose exit [ 3, true ]
